<?xml version="1.0" encoding="UTF-8"?>
<!-- Generated by org.testng.reporters.JUnitXMLReporter -->
<testsuite hostname="DESKTOP-AMT9380" ignored="0" name="Test NG Methods" tests="3" failures="0" timestamp="13 Jul 2019 15:56:09 GMT" time="0.113" errors="0">
  <testcase name="b" time="0.019" classname="TestPackage.HelloWorld"/>
  <testcase name="b1" time="0.004" classname="TestPackage.HelloWorld"/>
  <testcase name="b2" time="0.001" classname="TestPackage.HelloWorld"/>
</testsuite> <!-- Test NG Methods -->
